<?xml version="1.0" encoding="UTF-8"?>
<!-- Generated by org.testng.reporters.JUnitReportReporter -->
<testsuite hostname="DESKTOP-LO0O8LR" failures="0" tests="1" name="packDocker.Docker.firefoxstandalonetest" time="250.281" errors="0" timestamp="2021-05-30T11:46:58 WAT" skipped="0">
  <testcase classname="packDocker.Docker.firefoxstandalonetest" name="test1" time="250.281"/>
</testsuite> <!-- packDocker.Docker.firefoxstandalonetest -->
