<?xml version="1.0" encoding="UTF-8"?>
<!-- Generated by org.testng.reporters.JUnitReportReporter -->
<testsuite hostname="DESKTOP-LO0O8LR" failures="0" tests="1" name="packDocker.Docker.Startdocker" time="30.094" errors="0" timestamp="2021-05-30T11:41:32 WAT" skipped="0">
  <testcase classname="packDocker.Docker.Startdocker" name="startdocker" time="30.094"/>
</testsuite> <!-- packDocker.Docker.Startdocker -->
