<?xml version="1.0" encoding="UTF-8"?>
<!-- Generated by org.testng.reporters.JUnitReportReporter -->
<testsuite hostname="DESKTOP-LO0O8LR" failures="0" tests="1" name="packDocker.Docker.Stopdocker" time="20.041" errors="0" timestamp="2021-05-30T11:03:39 WAT" skipped="0">
  <testcase classname="packDocker.Docker.Stopdocker" name="stopdocker" time="20.041"/>
</testsuite> <!-- packDocker.Docker.Stopdocker -->
